app/build/intermediates/manifest_merge_blame_file/debug/manifest-merger-blame-debug-report.txt
1<?xml version="1.0" encoding="utf-8"?>
2<manifest xmlns:android="http://schemas.android.com/apk/res/android"
3    package="com.example.project"
4    android:versionCode="1"
5    android:versionName="1.0" >
6
7    <uses-sdk
8        android:minSdkVersion="19"
8-->src\main\AndroidManifest.xml
9        android:targetSdkVersion="30" />
9-->src\main\AndroidManifest.xml
10
11    <uses-permission android:name="android.permission.INTERNET" />
11-->src\main\AndroidManifest.xml:5:5-67
11-->src\main\AndroidManifest.xml:5:22-64
12
13    <!-- Although the *SdkVersion is captured in gradle build files, this is required for non gradle builds -->
14    <!-- <uses-sdk android:minSdkVersion="14"/> -->
15    <uses-permission android:name="android.permission.ACCESS_NETWORK_STATE" />
15-->[com.google.firebase:firebase-database:19.7.0] AndroidManifest.xml:25:5-79
15-->[com.google.firebase:firebase-database:19.7.0] AndroidManifest.xml:25:22-76
16    <uses-permission android:name="android.permission.WAKE_LOCK" />
16-->[com.google.android.gms:play-services-measurement:17.4.2] AndroidManifest.xml:25:5-68
16-->[com.google.android.gms:play-services-measurement:17.4.2] AndroidManifest.xml:25:22-65
17    <uses-permission android:name="com.google.android.finsky.permission.BIND_GET_INSTALL_REFERRER_SERVICE" /> <!-- Required by older versions of Google Play services to create IID tokens -->
17-->[com.google.android.gms:play-services-measurement:17.4.2] AndroidManifest.xml:26:5-110
17-->[com.google.android.gms:play-services-measurement:17.4.2] AndroidManifest.xml:26:22-107
18    <uses-permission android:name="com.google.android.c2dm.permission.RECEIVE" />
18-->[com.google.firebase:firebase-iid:20.1.5] AndroidManifest.xml:26:5-82
18-->[com.google.firebase:firebase-iid:20.1.5] AndroidManifest.xml:26:22-79
19
20    <uses-feature
20-->[com.google.android.gms:play-services-maps:17.0.0] AndroidManifest.xml:26:5-28:35
21        android:glEsVersion="0x00020000"
21-->[com.google.android.gms:play-services-maps:17.0.0] AndroidManifest.xml:27:9-41
22        android:required="true" />
22-->[com.google.android.gms:play-services-maps:17.0.0] AndroidManifest.xml:28:9-32
23
24    <application
24-->src\main\AndroidManifest.xml:7:5-67:19
25        android:allowBackup="true"
25-->src\main\AndroidManifest.xml:8:9-35
26        android:appComponentFactory="androidx.core.app.CoreComponentFactory"
26-->[androidx.core:core:1.3.1] AndroidManifest.xml:24:18-86
27        android:debuggable="true"
28        android:icon="@mipmap/ic_launcher"
28-->src\main\AndroidManifest.xml:9:9-43
29        android:label="Society"
29-->src\main\AndroidManifest.xml:10:9-32
30        android:roundIcon="@mipmap/ic_launcher_round"
30-->src\main\AndroidManifest.xml:11:9-54
31        android:supportsRtl="true"
31-->src\main\AndroidManifest.xml:12:9-35
32        android:testOnly="true"
33        android:theme="@style/AppTheme" >
33-->src\main\AndroidManifest.xml:13:9-40
34        <activity
34-->src\main\AndroidManifest.xml:14:9-16:71
35            android:name="com.example.project.ui.login.mettings"
35-->src\main\AndroidManifest.xml:14:19-52
36            android:label="Society Mettings"
36-->src\main\AndroidManifest.xml:15:13-45
37            android:theme="@style/Theme.AppCompat.Light.NoActionBar" />
37-->src\main\AndroidManifest.xml:16:13-69
38        <activity
38-->src\main\AndroidManifest.xml:18:9-21:72
39            android:name="com.example.project.ui.login.societydetails"
39-->src\main\AndroidManifest.xml:19:13-52
40            android:label="Society Details"
40-->src\main\AndroidManifest.xml:20:13-44
41            android:theme="@style/Theme.AppCompat.Light.NoActionBar" />
41-->src\main\AndroidManifest.xml:21:13-69
42        <activity
42-->src\main\AndroidManifest.xml:22:9-25:72
43            android:name="com.example.project.ui.login.userinfo"
43-->src\main\AndroidManifest.xml:23:13-46
44            android:label="User Information"
44-->src\main\AndroidManifest.xml:24:13-45
45            android:theme="@style/Theme.AppCompat.Light.NoActionBar" />
45-->src\main\AndroidManifest.xml:25:13-69
46        <activity
46-->src\main\AndroidManifest.xml:26:9-29:72
47            android:name="com.example.project.ui.login.emetext"
47-->src\main\AndroidManifest.xml:27:13-45
48            android:label="Emergency Conctacts"
48-->src\main\AndroidManifest.xml:28:13-48
49            android:theme="@style/Theme.AppCompat.Light.NoActionBar" />
49-->src\main\AndroidManifest.xml:29:13-69
50        <activity
50-->src\main\AndroidManifest.xml:30:9-33:72
51            android:name="com.example.project.ui.login.Add_emecontact"
51-->src\main\AndroidManifest.xml:31:13-52
52            android:label="Issue Management"
52-->src\main\AndroidManifest.xml:32:13-45
53            android:theme="@style/Theme.AppCompat.Light.NoActionBar" />
53-->src\main\AndroidManifest.xml:33:13-69
54        <activity
54-->src\main\AndroidManifest.xml:34:9-37:72
55            android:name="com.example.project.ui.login.drawer"
55-->src\main\AndroidManifest.xml:35:13-44
56            android:label="Drawer Dashboard"
56-->src\main\AndroidManifest.xml:36:13-45
57            android:theme="@style/Theme.AppCompat.Light.NoActionBar" />
57-->src\main\AndroidManifest.xml:37:13-69
58        <activity
58-->src\main\AndroidManifest.xml:38:9-41:72
59            android:name="com.example.project.ui.login.userdashboard"
59-->src\main\AndroidManifest.xml:39:13-51
60            android:label="User Dashboard"
60-->src\main\AndroidManifest.xml:40:13-43
61            android:theme="@style/Theme.AppCompat.Light.NoActionBar" />
61-->src\main\AndroidManifest.xml:41:13-69
62        <activity
62-->src\main\AndroidManifest.xml:42:9-45:72
63            android:name="com.example.project.ui.login.Otp"
63-->src\main\AndroidManifest.xml:43:13-41
64            android:label="OTP"
64-->src\main\AndroidManifest.xml:44:13-32
65            android:theme="@style/Theme.AppCompat.Light.NoActionBar" />
65-->src\main\AndroidManifest.xml:45:13-69
66        <activity
66-->src\main\AndroidManifest.xml:46:9-49:72
67            android:name="com.example.project.ui.login.LoginActivity"
67-->src\main\AndroidManifest.xml:47:13-51
68            android:label="@string/title_activity_login"
68-->src\main\AndroidManifest.xml:48:13-57
69            android:theme="@style/Theme.AppCompat.Light.NoActionBar" />
69-->src\main\AndroidManifest.xml:49:13-69
70        <activity
70-->src\main\AndroidManifest.xml:50:9-53:72
71            android:name="com.example.project.ui.login.SignupActivity"
71-->src\main\AndroidManifest.xml:51:13-52
72            android:label="Sign Up"
72-->src\main\AndroidManifest.xml:52:13-36
73            android:theme="@style/Theme.AppCompat.Light.NoActionBar" />
73-->src\main\AndroidManifest.xml:53:13-69
74        <activity
74-->src\main\AndroidManifest.xml:54:9-57:72
75            android:name="com.example.project.ui.login.Welcome_page"
75-->src\main\AndroidManifest.xml:55:13-50
76            android:label="Welcome"
76-->src\main\AndroidManifest.xml:56:13-36
77            android:theme="@style/Theme.AppCompat.Light.NoActionBar" />
77-->src\main\AndroidManifest.xml:57:13-69
78        <activity
78-->src\main\AndroidManifest.xml:58:9-66:20
79            android:name="com.example.project.MainActivity2"
79-->src\main\AndroidManifest.xml:59:13-42
80            android:theme="@style/Theme.AppCompat.Light.NoActionBar" >
80-->src\main\AndroidManifest.xml:60:13-69
81            <intent-filter>
81-->src\main\AndroidManifest.xml:61:13-65:29
82                <action android:name="android.intent.action.MAIN" />
82-->src\main\AndroidManifest.xml:62:17-69
82-->src\main\AndroidManifest.xml:62:25-66
83
84                <category android:name="android.intent.category.LAUNCHER" />
84-->src\main\AndroidManifest.xml:64:17-77
84-->src\main\AndroidManifest.xml:64:27-74
85            </intent-filter>
86        </activity>
87
88        <service
88-->[com.google.firebase:firebase-database:19.7.0] AndroidManifest.xml:29:9-35:19
89            android:name="com.google.firebase.components.ComponentDiscoveryService"
89-->[com.google.firebase:firebase-database:19.7.0] AndroidManifest.xml:30:13-84
90            android:directBootAware="true"
90-->[com.google.firebase:firebase-common:19.5.0] AndroidManifest.xml:35:13-43
91            android:exported="false" >
91-->[com.google.firebase:firebase-database:19.7.0] AndroidManifest.xml:31:13-37
92            <meta-data
92-->[com.google.firebase:firebase-database:19.7.0] AndroidManifest.xml:32:13-34:85
93                android:name="com.google.firebase.components:com.google.firebase.database.DatabaseRegistrar"
93-->[com.google.firebase:firebase-database:19.7.0] AndroidManifest.xml:33:17-109
94                android:value="com.google.firebase.components.ComponentRegistrar" />
94-->[com.google.firebase:firebase-database:19.7.0] AndroidManifest.xml:34:17-82
95            <meta-data
95-->[com.google.android.gms:play-services-measurement-api:17.4.2] AndroidManifest.xml:30:13-32:85
96                android:name="com.google.firebase.components:com.google.firebase.analytics.connector.internal.AnalyticsConnectorRegistrar"
96-->[com.google.android.gms:play-services-measurement-api:17.4.2] AndroidManifest.xml:31:17-139
97                android:value="com.google.firebase.components.ComponentRegistrar" />
97-->[com.google.android.gms:play-services-measurement-api:17.4.2] AndroidManifest.xml:32:17-82
98            <meta-data
98-->[com.google.firebase:firebase-iid:20.1.5] AndroidManifest.xml:32:13-34:85
99                android:name="com.google.firebase.components:com.google.firebase.iid.Registrar"
99-->[com.google.firebase:firebase-iid:20.1.5] AndroidManifest.xml:33:17-96
100                android:value="com.google.firebase.components.ComponentRegistrar" />
100-->[com.google.firebase:firebase-iid:20.1.5] AndroidManifest.xml:34:17-82
101            <meta-data
101-->[com.google.firebase:firebase-auth:20.0.3] AndroidManifest.xml:77:13-79:85
102                android:name="com.google.firebase.components:com.google.firebase.auth.FirebaseAuthRegistrar"
102-->[com.google.firebase:firebase-auth:20.0.3] AndroidManifest.xml:78:17-109
103                android:value="com.google.firebase.components.ComponentRegistrar" />
103-->[com.google.firebase:firebase-auth:20.0.3] AndroidManifest.xml:79:17-82
104            <meta-data
104-->[com.google.firebase:firebase-installations:16.2.1] AndroidManifest.xml:17:13-19:85
105                android:name="com.google.firebase.components:com.google.firebase.installations.FirebaseInstallationsRegistrar"
105-->[com.google.firebase:firebase-installations:16.2.1] AndroidManifest.xml:18:17-127
106                android:value="com.google.firebase.components.ComponentRegistrar" />
106-->[com.google.firebase:firebase-installations:16.2.1] AndroidManifest.xml:19:17-82
107            <!--
108                This registrar is not defined in the dynamic-module-support sdk itself to allow non-firebase
109                clients to use it as well, by defining this registrar in their own core/common library.
110            -->
111            <meta-data
111-->[com.google.firebase:firebase-common:19.5.0] AndroidManifest.xml:43:13-45:85
112                android:name="com.google.firebase.components:com.google.firebase.dynamicloading.DynamicLoadingRegistrar"
112-->[com.google.firebase:firebase-common:19.5.0] AndroidManifest.xml:44:17-121
113                android:value="com.google.firebase.components.ComponentRegistrar" />
113-->[com.google.firebase:firebase-common:19.5.0] AndroidManifest.xml:45:17-82
114        </service>
115
116        <receiver
116-->[com.google.android.gms:play-services-measurement:17.4.2] AndroidManifest.xml:29:9-33:20
117            android:name="com.google.android.gms.measurement.AppMeasurementReceiver"
117-->[com.google.android.gms:play-services-measurement:17.4.2] AndroidManifest.xml:30:13-85
118            android:enabled="true"
118-->[com.google.android.gms:play-services-measurement:17.4.2] AndroidManifest.xml:31:13-35
119            android:exported="false" >
119-->[com.google.android.gms:play-services-measurement:17.4.2] AndroidManifest.xml:32:13-37
120        </receiver>
121
122        <service
122-->[com.google.android.gms:play-services-measurement:17.4.2] AndroidManifest.xml:35:9-38:40
123            android:name="com.google.android.gms.measurement.AppMeasurementService"
123-->[com.google.android.gms:play-services-measurement:17.4.2] AndroidManifest.xml:36:13-84
124            android:enabled="true"
124-->[com.google.android.gms:play-services-measurement:17.4.2] AndroidManifest.xml:37:13-35
125            android:exported="false" />
125-->[com.google.android.gms:play-services-measurement:17.4.2] AndroidManifest.xml:38:13-37
126        <service
126-->[com.google.android.gms:play-services-measurement:17.4.2] AndroidManifest.xml:39:9-43:72
127            android:name="com.google.android.gms.measurement.AppMeasurementJobService"
127-->[com.google.android.gms:play-services-measurement:17.4.2] AndroidManifest.xml:40:13-87
128            android:enabled="true"
128-->[com.google.android.gms:play-services-measurement:17.4.2] AndroidManifest.xml:41:13-35
129            android:exported="false"
129-->[com.google.android.gms:play-services-measurement:17.4.2] AndroidManifest.xml:42:13-37
130            android:permission="android.permission.BIND_JOB_SERVICE" />
130-->[com.google.android.gms:play-services-measurement:17.4.2] AndroidManifest.xml:43:13-69
131
132        <receiver
132-->[com.google.firebase:firebase-iid:20.1.5] AndroidManifest.xml:37:9-44:20
133            android:name="com.google.firebase.iid.FirebaseInstanceIdReceiver"
133-->[com.google.firebase:firebase-iid:20.1.5] AndroidManifest.xml:38:13-78
134            android:exported="true"
134-->[com.google.firebase:firebase-iid:20.1.5] AndroidManifest.xml:39:13-36
135            android:permission="com.google.android.c2dm.permission.SEND" >
135-->[com.google.firebase:firebase-iid:20.1.5] AndroidManifest.xml:40:13-73
136            <intent-filter>
136-->[com.google.firebase:firebase-iid:20.1.5] AndroidManifest.xml:41:13-43:29
137                <action android:name="com.google.android.c2dm.intent.RECEIVE" />
137-->[com.google.firebase:firebase-iid:20.1.5] AndroidManifest.xml:42:17-81
137-->[com.google.firebase:firebase-iid:20.1.5] AndroidManifest.xml:42:25-78
138            </intent-filter>
139        </receiver> <!-- Needs to be explicitly declared on P+ -->
140        <uses-library
140-->[com.google.android.gms:play-services-maps:17.0.0] AndroidManifest.xml:33:9-35:40
141            android:name="org.apache.http.legacy"
141-->[com.google.android.gms:play-services-maps:17.0.0] AndroidManifest.xml:34:13-50
142            android:required="false" />
142-->[com.google.android.gms:play-services-maps:17.0.0] AndroidManifest.xml:35:13-37
143
144        <activity
144-->[com.google.firebase:firebase-auth:20.0.3] AndroidManifest.xml:27:9-44:20
145            android:name="com.google.firebase.auth.internal.GenericIdpActivity"
145-->[com.google.firebase:firebase-auth:20.0.3] AndroidManifest.xml:28:13-80
146            android:excludeFromRecents="true"
146-->[com.google.firebase:firebase-auth:20.0.3] AndroidManifest.xml:29:13-46
147            android:exported="true"
147-->[com.google.firebase:firebase-auth:20.0.3] AndroidManifest.xml:30:13-36
148            android:launchMode="singleTask"
148-->[com.google.firebase:firebase-auth:20.0.3] AndroidManifest.xml:31:13-44
149            android:theme="@android:style/Theme.Translucent.NoTitleBar" >
149-->[com.google.firebase:firebase-auth:20.0.3] AndroidManifest.xml:32:13-72
150            <intent-filter>
150-->[com.google.firebase:firebase-auth:20.0.3] AndroidManifest.xml:33:13-43:29
151                <action android:name="android.intent.action.VIEW" />
151-->[com.google.firebase:firebase-auth:20.0.3] AndroidManifest.xml:34:17-69
151-->[com.google.firebase:firebase-auth:20.0.3] AndroidManifest.xml:34:25-66
152
153                <category android:name="android.intent.category.DEFAULT" />
153-->[com.google.firebase:firebase-auth:20.0.3] AndroidManifest.xml:36:17-76
153-->[com.google.firebase:firebase-auth:20.0.3] AndroidManifest.xml:36:27-73
154                <category android:name="android.intent.category.BROWSABLE" />
154-->[com.google.firebase:firebase-auth:20.0.3] AndroidManifest.xml:37:17-78
154-->[com.google.firebase:firebase-auth:20.0.3] AndroidManifest.xml:37:27-75
155
156                <data
156-->[com.google.firebase:firebase-auth:20.0.3] AndroidManifest.xml:39:17-42:51
157                    android:host="firebase.auth"
157-->[com.google.firebase:firebase-auth:20.0.3] AndroidManifest.xml:40:21-49
158                    android:path="/"
158-->[com.google.firebase:firebase-auth:20.0.3] AndroidManifest.xml:41:21-37
159                    android:scheme="genericidp" />
159-->[com.google.firebase:firebase-auth:20.0.3] AndroidManifest.xml:42:21-48
160            </intent-filter>
161        </activity>
162        <activity
162-->[com.google.firebase:firebase-auth:20.0.3] AndroidManifest.xml:45:9-62:20
163            android:name="com.google.firebase.auth.internal.RecaptchaActivity"
163-->[com.google.firebase:firebase-auth:20.0.3] AndroidManifest.xml:46:13-79
164            android:excludeFromRecents="true"
164-->[com.google.firebase:firebase-auth:20.0.3] AndroidManifest.xml:47:13-46
165            android:exported="true"
165-->[com.google.firebase:firebase-auth:20.0.3] AndroidManifest.xml:48:13-36
166            android:launchMode="singleTask"
166-->[com.google.firebase:firebase-auth:20.0.3] AndroidManifest.xml:49:13-44
167            android:theme="@android:style/Theme.Translucent.NoTitleBar" >
167-->[com.google.firebase:firebase-auth:20.0.3] AndroidManifest.xml:50:13-72
168            <intent-filter>
168-->[com.google.firebase:firebase-auth:20.0.3] AndroidManifest.xml:51:13-61:29
169                <action android:name="android.intent.action.VIEW" />
169-->[com.google.firebase:firebase-auth:20.0.3] AndroidManifest.xml:34:17-69
169-->[com.google.firebase:firebase-auth:20.0.3] AndroidManifest.xml:34:25-66
170
171                <category android:name="android.intent.category.DEFAULT" />
171-->[com.google.firebase:firebase-auth:20.0.3] AndroidManifest.xml:36:17-76
171-->[com.google.firebase:firebase-auth:20.0.3] AndroidManifest.xml:36:27-73
172                <category android:name="android.intent.category.BROWSABLE" />
172-->[com.google.firebase:firebase-auth:20.0.3] AndroidManifest.xml:37:17-78
172-->[com.google.firebase:firebase-auth:20.0.3] AndroidManifest.xml:37:27-75
173
174                <data
174-->[com.google.firebase:firebase-auth:20.0.3] AndroidManifest.xml:39:17-42:51
175                    android:host="firebase.auth"
175-->[com.google.firebase:firebase-auth:20.0.3] AndroidManifest.xml:40:21-49
176                    android:path="/"
176-->[com.google.firebase:firebase-auth:20.0.3] AndroidManifest.xml:41:21-37
177                    android:scheme="recaptcha" />
177-->[com.google.firebase:firebase-auth:20.0.3] AndroidManifest.xml:42:21-48
178            </intent-filter>
179        </activity>
180
181        <service
181-->[com.google.firebase:firebase-auth:20.0.3] AndroidManifest.xml:64:9-73:19
182            android:name="com.google.firebase.auth.api.fallback.service.FirebaseAuthFallbackService"
182-->[com.google.firebase:firebase-auth:20.0.3] AndroidManifest.xml:65:13-101
183            android:enabled="true"
183-->[com.google.firebase:firebase-auth:20.0.3] AndroidManifest.xml:66:13-35
184            android:exported="false" >
184-->[com.google.firebase:firebase-auth:20.0.3] AndroidManifest.xml:67:13-37
185            <intent-filter>
185-->[com.google.firebase:firebase-auth:20.0.3] AndroidManifest.xml:68:13-72:29
186                <action android:name="com.google.firebase.auth.api.gms.service.START" />
186-->[com.google.firebase:firebase-auth:20.0.3] AndroidManifest.xml:69:17-89
186-->[com.google.firebase:firebase-auth:20.0.3] AndroidManifest.xml:69:25-86
187
188                <category android:name="android.intent.category.DEFAULT" />
188-->[com.google.firebase:firebase-auth:20.0.3] AndroidManifest.xml:36:17-76
188-->[com.google.firebase:firebase-auth:20.0.3] AndroidManifest.xml:36:27-73
189            </intent-filter>
190        </service>
191
192        <activity
192-->[com.google.android.gms:play-services-base:17.1.0] AndroidManifest.xml:23:9-26:75
193            android:name="com.google.android.gms.common.api.GoogleApiActivity"
193-->[com.google.android.gms:play-services-base:17.1.0] AndroidManifest.xml:24:13-79
194            android:exported="false"
194-->[com.google.android.gms:play-services-base:17.1.0] AndroidManifest.xml:25:13-37
195            android:theme="@android:style/Theme.Translucent.NoTitleBar" />
195-->[com.google.android.gms:play-services-base:17.1.0] AndroidManifest.xml:26:13-72
196
197        <provider
197-->[com.google.firebase:firebase-common:19.5.0] AndroidManifest.xml:26:9-31:39
198            android:name="com.google.firebase.provider.FirebaseInitProvider"
198-->[com.google.firebase:firebase-common:19.5.0] AndroidManifest.xml:27:13-77
199            android:authorities="com.example.project.firebaseinitprovider"
199-->[com.google.firebase:firebase-common:19.5.0] AndroidManifest.xml:28:13-72
200            android:directBootAware="true"
200-->[com.google.firebase:firebase-common:19.5.0] AndroidManifest.xml:29:13-43
201            android:exported="false"
201-->[com.google.firebase:firebase-common:19.5.0] AndroidManifest.xml:30:13-37
202            android:initOrder="100" />
202-->[com.google.firebase:firebase-common:19.5.0] AndroidManifest.xml:31:13-36
203
204        <meta-data
204-->[com.google.android.gms:play-services-basement:17.1.0] AndroidManifest.xml:23:9-25:69
205            android:name="com.google.android.gms.version"
205-->[com.google.android.gms:play-services-basement:17.1.0] AndroidManifest.xml:24:13-58
206            android:value="@integer/google_play_services_version" />
206-->[com.google.android.gms:play-services-basement:17.1.0] AndroidManifest.xml:25:13-66
207
208        <provider
208-->[androidx.lifecycle:lifecycle-process:2.2.0] AndroidManifest.xml:25:9-29:43
209            android:name="androidx.lifecycle.ProcessLifecycleOwnerInitializer"
209-->[androidx.lifecycle:lifecycle-process:2.2.0] AndroidManifest.xml:26:13-79
210            android:authorities="com.example.project.lifecycle-process"
210-->[androidx.lifecycle:lifecycle-process:2.2.0] AndroidManifest.xml:27:13-69
211            android:exported="false"
211-->[androidx.lifecycle:lifecycle-process:2.2.0] AndroidManifest.xml:28:13-37
212            android:multiprocess="true" />
212-->[androidx.lifecycle:lifecycle-process:2.2.0] AndroidManifest.xml:29:13-40
213    </application>
214
215</manifest>